<?xml version="1.0" encoding="UTF-8"?>
<testng-results ignored="0" total="1" passed="1" failed="0" skipped="0">
  <reporter-output>
    <line>
      <![CDATA[Mobile Name: ASUS ROG Phone 5 (White, 128 GB)]]>
    </line>
    <line>
      <![CDATA[Mobile Price: ₹49,999]]>
    </line>
  </reporter-output>
  <suite started-at="2021-05-26T08:42:17 IST" name="Default suite" finished-at="2021-05-26T08:42:45 IST" duration-ms="27811">
    <groups>
    </groups>
    <test started-at="2021-05-26T08:42:17 IST" name="Default test" finished-at="2021-05-26T08:42:45 IST" duration-ms="27811">
      <class name="Scripts.AddToCart">
        <test-method is-config="true" signature="openApp()[pri:0, instance:Scripts.AddToCart@732c2a62]" started-at="2021-05-26T08:42:17 IST" name="openApp" finished-at="2021-05-26T08:42:28 IST" duration-ms="10672" status="PASS">
          <reporter-output>
          </reporter-output>
        </test-method> <!-- openApp -->
        <test-method signature="removeProduct()[pri:0, instance:Scripts.AddToCart@732c2a62]" started-at="2021-05-26T08:42:28 IST" name="removeProduct" finished-at="2021-05-26T08:42:44 IST" duration-ms="15971" status="PASS">
          <reporter-output>
            <line>
              <![CDATA[Mobile Name: ASUS ROG Phone 5 (White, 128 GB)]]>
            </line>
            <line>
              <![CDATA[Mobile Price: ₹49,999]]>
            </line>
          </reporter-output>
        </test-method> <!-- removeProduct -->
        <test-method is-config="true" signature="closeApp(org.testng.ITestResult)[pri:0, instance:Scripts.AddToCart@732c2a62]" started-at="2021-05-26T08:42:44 IST" name="closeApp" finished-at="2021-05-26T08:42:45 IST" duration-ms="1105" status="PASS">
          <params>
            <param index="0">
              <value>
                <![CDATA[[TestResult name=removeProduct status=SUCCESS method=AddToCart.removeProduct()[pri:0, instance:Scripts.AddToCart@732c2a62] output=Mobile Name: ASUS ROG Phone 5 (White, 128 GB)]]]>
              </value>
            </param>
          </params>
          <reporter-output>
          </reporter-output>
        </test-method> <!-- closeApp -->
      </class> <!-- Scripts.AddToCart -->
    </test> <!-- Default test -->
  </suite> <!-- Default suite -->
</testng-results>
