<?xml version="1.0" encoding="UTF-8"?>
<!-- Generated by org.testng.reporters.JUnitReportReporter -->
<testsuite hostname="DESKTOP-HV6VPL8" failures="0" tests="1" name="Scripts.AddToCart" time="27.748" errors="0" timestamp="2021-05-26T08:42:46 IST" skipped="0">
  <testcase classname="Scripts.AddToCart" name="removeProduct" time="27.748"/>
  <system-out>
    <![CDATA[Mobile Name: ASUS ROG Phone 5 (White, 128 GB)
Mobile Price: ₹49,999]]>
  </system-out>
</testsuite> <!-- Scripts.AddToCart -->
