<?xml version="1.0" encoding="UTF-8"?>
<!-- Generated by org.testng.reporters.JUnitReportReporter -->
<testsuite hostname="DESKTOP-HV6VPL8" failures="0" tests="1" name="Scripts.AddToCart" time="27.903" errors="0" timestamp="2021-05-26T11:35:15 IST" skipped="0">
  <testcase classname="Scripts.AddToCart" name="removeProduct" time="27.903"/>
  <system-out>
    <![CDATA[Online Shopping Site for Mobiles, Electronics, Furniture, Grocery, Lifestyle, Books & More. Best Offers!
Mobile Name: ASUS ROG Phone 5 (White, 128 GB)
Mobile Price: ₹49,999]]>
  </system-out>
</testsuite> <!-- Scripts.AddToCart -->
